[Tue Apr 21 02:35:30 PM CEST 2026] Job started on ly-w110
SLURM_JOB_ID=795224
PROJECT_DIR=/globalsc/users/b/a/baffetti/research/TransfomerROM
ENTRYPOINT=Baseline_main.py
BASELINE_MODEL=unet
Activating environment: /globalsc/ulb/atm/baffetti/envs/artfire_new/bin/activate
/globalsc/users/b/a/baffetti/envs/artfire_new/bin/python
/globalsc/users/b/a/baffetti/envs/artfire_new/bin/pip
Python 3.11.3
Tue Apr 21 14:35:30 2026       
+-----------------------------------------------------------------------------------------+
| NVIDIA-SMI 570.124.06             Driver Version: 570.124.06     CUDA Version: 12.8     |
|-----------------------------------------+------------------------+----------------------+
| GPU  Name                 Persistence-M | Bus-Id          Disp.A | Volatile Uncorr. ECC |
| Fan  Temp   Perf          Pwr:Usage/Cap |           Memory-Usage | GPU-Util  Compute M. |
|                                         |                        |               MIG M. |
|=========================================+========================+======================|
|   0  NVIDIA RTX 6000 Ada Gene...    On  |   00000000:01:00.0 Off |                  Off |
| 31%   52C    P8             29W /  300W |       2MiB /  49140MiB |      0%      Default |
|                                         |                        |                  N/A |
+-----------------------------------------+------------------------+----------------------+
                                                                                         
+-----------------------------------------------------------------------------------------+
| Processes:                                                                              |
|  GPU   GI   CI              PID   Type   Process name                        GPU Memory |
|        ID   ID                                                               Usage      |
|=========================================================================================|
|  No running processes found                                                             |
+-----------------------------------------------------------------------------------------+
Python usato: /globalsc/users/b/a/baffetti/envs/artfire_new/bin/python
torch version: 2.5.0+cu124

Epoch 001 | train loss: 18.587070 | val loss: 4.588788

Epoch 002 | train loss: 3.249285 | val loss: 1.335348

Epoch 003 | train loss: 0.728205 | val loss: 0.339620

Epoch 004 | train loss: 0.263528 | val loss: 73802.181812
Test loss: 0.338780
Completed baseline training for model: unet
[Tue Apr 21 02:50:24 PM CEST 2026] Job finished
