/globalsc/users/b/a/baffetti/envs/artfire_new/lib/python3.11/site-packages/optuna/_experimental.py:33: ExperimentalWarning: Argument ``multivariate`` is an experimental feature. The interface can change in the future.
  optuna_warn(
[I 2026-04-19 16:54:23,737] A new study created in RDB with name: baseline_hpo_fno2d
  0%|          | 0/100 [00:00<?, ?it/s]                                         0%|          | 0/100 [00:22<?, ?it/s]                                         0%|          | 0/100 [00:22<?, ?it/s]  0%|          | 0/100 [00:22<?, ?it/s]
Traceback (most recent call last):
  File "/globalsc/users/b/a/baffetti/research/TransfomerROM/Baseline_hpo.py", line 385, in <module>
    run_hpo(
  File "/globalsc/users/b/a/baffetti/research/TransfomerROM/Baseline_hpo.py", line 343, in run_hpo
    study.optimize(
  File "/globalsc/users/b/a/baffetti/envs/artfire_new/lib/python3.11/site-packages/optuna/study/study.py", line 490, in optimize
    _optimize(
  File "/globalsc/users/b/a/baffetti/envs/artfire_new/lib/python3.11/site-packages/optuna/study/_optimize.py", line 68, in _optimize
    _optimize_sequential(
  File "/globalsc/users/b/a/baffetti/envs/artfire_new/lib/python3.11/site-packages/optuna/study/_optimize.py", line 165, in _optimize_sequential
    frozen_trial_id = _run_trial(study, func, catch)
                      ^^^^^^^^^^^^^^^^^^^^^^^^^^^^^^
  File "/globalsc/users/b/a/baffetti/envs/artfire_new/lib/python3.11/site-packages/optuna/study/_optimize.py", line 263, in _run_trial
    raise func_err
  File "/globalsc/users/b/a/baffetti/envs/artfire_new/lib/python3.11/site-packages/optuna/study/_optimize.py", line 206, in _run_trial
    value_or_values = func(trial)
                      ^^^^^^^^^^^
  File "/globalsc/users/b/a/baffetti/research/TransfomerROM/Baseline_hpo.py", line 344, in <lambda>
    lambda trial: objective(
                  ^^^^^^^^^^
  File "/globalsc/users/b/a/baffetti/research/TransfomerROM/Baseline_hpo.py", line 220, in objective
    torch.nn.utils.clip_grad_value_(model.parameters(), hp["gradient_clip"])
  File "/globalsc/users/b/a/baffetti/envs/artfire_new/lib/python3.11/site-packages/torch/nn/utils/clip_grad.py", line 30, in _no_grad_wrapper
    return func(*args, **kwargs)
           ^^^^^^^^^^^^^^^^^^^^^
  File "/globalsc/users/b/a/baffetti/envs/artfire_new/lib/python3.11/site-packages/torch/nn/utils/clip_grad.py", line 181, in clip_grad_value_
    torch._foreach_clamp_min_(cast(List[Tensor], grads), -clip_value)
RuntimeError: "foreach_binary_op_scalar_cuda_" not implemented for 'ComplexFloat'
